<?xml version="1.0" encoding="UTF-8"?>
<!-- Generated by org.testng.reporters.JUnitReportReporter -->
<testsuite skipped="0" hostname="TMX0393" name="com.week4.day2.examples.tests.testDuplicateElements" tests="1" failures="0" timestamp="08 Feb 2018 04:34:24 GMT" time="0.012" errors="0">
  <testcase name="testDuplicates" time="0.012" classname="com.week4.day2.examples.tests.testDuplicateElements"/>
</testsuite> <!-- com.week4.day2.examples.tests.testDuplicateElements -->
