<?xml version="1.0" encoding="UTF-8"?>
<!-- Generated by org.testng.reporters.JUnitReportReporter -->
<testsuite skipped="0" hostname="TMX0393.local" name="com.week4.day2.examples.tests.reverseWordsTest" tests="1" failures="0" timestamp="08 Feb 2018 23:50:15 GMT" time="0.009" errors="0">
  <testcase name="reverseWords" time="0.009" classname="com.week4.day2.examples.tests.reverseWordsTest"/>
</testsuite> <!-- com.week4.day2.examples.tests.reverseWordsTest -->
