<?xml version="1.0" encoding="UTF-8"?>
<!-- Generated by org.testng.reporters.JUnitReportReporter -->
<testsuite skipped="0" hostname="TMX0393.local" name="com.week4.day2.examples.tests.StringAnagramTest" tests="1" failures="0" timestamp="07 Feb 2018 00:27:42 GMT" time="0.010" errors="0">
  <testcase name="testIsAnagram" time="0.010" classname="com.week4.day2.examples.tests.StringAnagramTest"/>
</testsuite> <!-- com.week4.day2.examples.tests.StringAnagramTest -->
