<?xml version="1.0" encoding="UTF-8"?>
<!-- Generated by org.testng.reporters.JUnitReportReporter -->
<testsuite skipped="0" hostname="TMX0393" name="com.week3.day2.examples.tests.Week3Day2Tests" tests="1" failures="0" timestamp="01 Feb 2018 02:51:43 GMT" time="0.009" errors="0">
  <testcase name="compareLists" time="0.009" classname="com.week3.day2.examples.tests.Week3Day2Tests"/>
</testsuite> <!-- com.week3.day2.examples.tests.Week3Day2Tests -->
