<?xml version="1.0" encoding="UTF-8"?>
<!-- Generated by org.testng.reporters.JUnitReportReporter -->
<testsuite hostname="TMX0393.local" name="com.week4.day2.examples.tests.StringAnagramTest" tests="1" failures="0" timestamp="7 Feb 2018 00:32:10 GMT" time="0.006" errors="0">
  <testcase name="testIsAnagram" time="0.006" classname="com.week4.day2.examples.tests.StringAnagramTest"/>
</testsuite>
