<?xml version="1.0" encoding="UTF-8"?>
<!-- Generated by org.testng.reporters.JUnitReportReporter -->
<testsuite hostname="TMX0393.local" name="com.week2.day5.examples.InstanceDataProviderExample" tests="2" failures="0" timestamp="29 Jan 2018 20:59:45 GMT" time="0.001" errors="0">
  <testcase name="instanceDbProvider" time="0.001" classname="com.week2.day5.examples.InstanceDataProviderExample"/>
  <testcase name="instanceDbProvider" time="0.000" classname="com.week2.day5.examples.InstanceDataProviderExample"/>
</testsuite>
