<?xml version="1.0" encoding="UTF-8"?>
<!-- Generated by org.testng.reporters.JUnitReportReporter -->
<testsuite hostname="TMX0393.local" name="com.week3.day2.examples.tests.Week3Day2Tests" tests="1" failures="0" timestamp="30 Jan 2018 18:56:40 GMT" time="0.007" errors="0">
  <testcase name="compareLists" time="0.007" classname="com.week3.day2.examples.tests.Week3Day2Tests"/>
</testsuite>
